<?xml version="1.0" encoding="UTF-8" ?>
<testsuite tests="2" failures="1" name="in.ac.iitk.cse.cs252.ScriptTest" time="49.287" errors="0" skipped="0">
  <properties>
[...]
</properties>
  <testcase classname="in.ac.iitk.cse.cs252.ScriptTest" name="testPayToPubKeyHash" time="42.055">
    <failure message="org.bitcoinj.core.RejectedTransactionException: Reject: tx 53219c992a2b0bab8a53a4e5b46bbb6180c4475b84444acbe29d38251f4ef283 for reason &apos;non-mandatory-script-verify-flag (unknown error)&apos; (64)" type="java.lang.AssertionError">java.lang.AssertionError: org.bitcoinj.core.RejectedTransactionException: Reject: tx 53219c992a2b0bab8a53a4e5b46bbb6180c4475b84444acbe29d38251f4ef283 for reason &apos;non-mandatory-script-verify-flag (unknown error)&apos; (64)
	at org.junit.Assert.fail(Assert.java:88)
	at in.ac.iitk.cse.cs252.ScriptTest.testPayToPubKeyHash(ScriptTest.java:95)
	at sun.reflect.NativeMethodAccessorImpl.invoke0(java.base@9-internal/Native Method)
	at sun.reflect.NativeMethodAccessorImpl.invoke(java.base@9-internal/NativeMethodAccessorImpl.java:62)
	at sun.reflect.DelegatingMethodAccessorImpl.invoke(java.base@9-internal/DelegatingMethodAccessorImpl.java:43)
	at java.lang.reflect.Method.invoke(java.base@9-internal/Method.java:531)
	at org.junit.runners.model.FrameworkMethod$1.runReflectiveCall(FrameworkMethod.java:47)
	at org.junit.internal.runners.model.ReflectiveCallable.run(ReflectiveCallable.java:12)
	at org.junit.runners.model.FrameworkMethod.invokeExplosively(FrameworkMethod.java:44)
	at org.junit.internal.runners.statements.InvokeMethod.evaluate(InvokeMethod.java:17)
	at org.junit.runners.ParentRunner.runLeaf(ParentRunner.java:271)
	at org.junit.runners.BlockJUnit4ClassRunner.runChild(BlockJUnit4ClassRunner.java:70)
	at org.junit.runners.BlockJUnit4ClassRunner.runChild(BlockJUnit4ClassRunner.java:50)
	at org.junit.runners.ParentRunner$3.run(ParentRunner.java:238)
	at org.junit.runners.ParentRunner$1.schedule(ParentRunner.java:63)
	at org.junit.runners.ParentRunner.runChildren(ParentRunner.java:236)
	at org.junit.runners.ParentRunner.access$000(ParentRunner.java:53)
	at org.junit.runners.ParentRunner$2.evaluate(ParentRunner.java:229)
	at org.junit.runners.ParentRunner.run(ParentRunner.java:309)
	at org.apache.maven.surefire.junit4.JUnit4Provider.execute(JUnit4Provider.java:252)
	at org.apache.maven.surefire.junit4.JUnit4Provider.executeTestSet(JUnit4Provider.java:141)
	at org.apache.maven.surefire.junit4.JUnit4Provider.invoke(JUnit4Provider.java:112)
	at sun.reflect.NativeMethodAccessorImpl.invoke0(java.base@9-internal/Native Method)
	at sun.reflect.NativeMethodAccessorImpl.invoke(java.base@9-internal/NativeMethodAccessorImpl.java:62)
	at sun.reflect.DelegatingMethodAccessorImpl.invoke(java.base@9-internal/DelegatingMethodAccessorImpl.java:43)
	at java.lang.reflect.Method.invoke(java.base@9-internal/Method.java:531)
	at org.apache.maven.surefire.util.ReflectionUtils.invokeMethodWithArray(ReflectionUtils.java:189)
	at org.apache.maven.surefire.booter.ProviderFactory$ProviderProxy.invoke(ProviderFactory.java:165)
	at org.apache.maven.surefire.booter.ProviderFactory.invokeProvider(ProviderFactory.java:85)
	at org.apache.maven.surefire.booter.ForkedBooter.runSuitesInProcess(ForkedBooter.java:115)
	at org.apache.maven.surefire.booter.ForkedBooter.main(ForkedBooter.java:75)
</failure>
    <system-out>22:24:45.754 [main] INFO  in.ac.iitk.cse.cs252.ScriptTest - Running on testnet.
22:24:45.801 [main] INFO  in.ac.iitk.cse.cs252.transactions.ScriptTransaction - Starting to sync blockchain. This might take a few minutes
22:24:46.836 [PeerGroup Thread] WARN  org.bitcoinj.core.PeerGroup - Failed to connect to [2600:3c00:0:0:f03c:91ff:fe89:305f]:18333: Network is unreachable
22:24:46.836 [PeerGroup Thread] WARN  org.bitcoinj.core.PeerGroup - Failed to connect to [2600:3c00:0:0:f03c:91ff:fe89:305f]:18333: Network is unreachable
22:24:47.837 [PeerGroup Thread] WARN  org.bitcoinj.core.PeerGroup - Failed to connect to [2001:e42:102:1209:153:121:76:171]:18333: Network is unreachable
22:24:47.837 [PeerGroup Thread] WARN  org.bitcoinj.core.PeerGroup - Failed to connect to [2001:e42:102:1209:153:121:76:171]:18333: Network is unreachable
22:24:48.517 [main] INFO  in.ac.iitk.cse.cs252.transactions.ScriptTransaction - Synced blockchain.
22:24:48.519 [main] INFO  in.ac.iitk.cse.cs252.transactions.ScriptTransaction - You&apos;ve got 1.00 BTC in your pocket
22:24:48.531 [PeerGroup Thread] WARN  org.bitcoinj.core.PeerGroup - Failed to connect to [2a01:4f8:201:148e:0:0:0:5]:18333: Network is unreachable
22:24:48.531 [PeerGroup Thread] WARN  org.bitcoinj.core.PeerGroup - Failed to connect to [2a01:4f8:201:148e:0:0:0:5]:18333: Network is unreachable
22:24:48.554 [NioClientManager] WARN  org.bitcoinj.core.Peer - Received alert with invalid signature from peer [52.178.143.66]:18333: URGENT: Alert key compromised, upgrade required
22:24:48.554 [NioClientManager] WARN  org.bitcoinj.core.Peer - Received alert with invalid signature from peer [52.178.143.66]:18333: URGENT: Alert key compromised, upgrade required
22:24:48.669 [main] INFO  in.ac.iitk.cse.cs252.transactions.ScriptTransaction - Transaction hex you can directly submit this to a block explorer:
01000000018c2f0c3422bbaabf6b11cc26bdba9f3ff9aef0845ff7ae4826254fe893bc5846000000006b483045022100d9fc57f5cf60b1fd6d43bd572a8233f6cbd2aebc196676bb0e7bb03c3cfcb2c002205d301f82e0b06396abfe6745fa5edfaef11d166c1b7c49ddc5cfeed6efa2230c012103d4e6631ae80a129ca2194592af0c9a130d4abcf427af2ef768fb013d9d9f8ef3ffffffff0240420f00000000001876a9149fa8b3f81e0ec2f6ffb4907dd5f8708966c3880487d89ae605000000001976a914ea9794e5147448219ecd78d9f45ad36fbd83471d88ac00000000
22:24:49.531 [PeerGroup Thread] WARN  org.bitcoinj.core.PeerGroup - Failed to connect to [2604:a880:1:20:0:0:269:b001]:18333: Network is unreachable
22:24:49.531 [PeerGroup Thread] WARN  org.bitcoinj.core.PeerGroup - Failed to connect to [2604:a880:1:20:0:0:269:b001]:18333: Network is unreachable
22:24:51.033 [PeerGroup Thread] WARN  org.bitcoinj.core.PeerGroup - Failed to connect to [2a00:16d8:c:0:0:0:5b6a:c261]:18333: Network is unreachable
22:24:51.033 [PeerGroup Thread] WARN  org.bitcoinj.core.PeerGroup - Failed to connect to [2a00:16d8:c:0:0:0:5b6a:c261]:18333: Network is unreachable
22:24:51.521 [NioClientManager] WARN  org.bitcoinj.core.Peer - Received alert with invalid signature from peer [94.130.57.35]:18333: URGENT: Alert key compromised, upgrade required
22:24:51.521 [NioClientManager] WARN  org.bitcoinj.core.Peer - Received alert with invalid signature from peer [94.130.57.35]:18333: URGENT: Alert key compromised, upgrade required
22:24:53.283 [PeerGroup Thread] WARN  org.bitcoinj.core.PeerGroup - Failed to connect to [2a01:4f8:171:b93:0:0:0:2]:18333: Network is unreachable
22:24:53.283 [PeerGroup Thread] WARN  org.bitcoinj.core.PeerGroup - Failed to connect to [2a01:4f8:171:b93:0:0:0:2]:18333: Network is unreachable
22:24:53.750 [NioClientManager] WARN  org.bitcoinj.core.Peer - Received alert with invalid signature from peer [52.178.130.27]:18333: URGENT: Alert key compromised, upgrade required
22:24:53.750 [NioClientManager] WARN  org.bitcoinj.core.Peer - Received alert with invalid signature from peer [52.178.130.27]:18333: URGENT: Alert key compromised, upgrade required
22:24:54.285 [PeerGroup Thread] WARN  org.bitcoinj.core.PeerGroup - Failed to connect to [2001:4800:7818:103:be76:4eff:fe05:ebaf]:18333: Network is unreachable
22:24:54.285 [PeerGroup Thread] WARN  org.bitcoinj.core.PeerGroup - Failed to connect to [2001:4800:7818:103:be76:4eff:fe05:ebaf]:18333: Network is unreachable
22:24:56.033 [PeerGroup Thread] WARN  org.bitcoinj.core.PeerGroup - Failed to connect to [2600:3c01:0:0:f03c:91ff:fe91:6a51]:18333: Network is unreachable
22:24:56.033 [PeerGroup Thread] WARN  org.bitcoinj.core.PeerGroup - Failed to connect to [2600:3c01:0:0:f03c:91ff:fe91:6a51]:18333: Network is unreachable
22:24:56.434 [NioClientManager] WARN  org.bitcoinj.core.PeerSocketHandler - [89.248.160.238]:18333 - 
org.bitcoinj.core.ProtocolException: Peer does not have a copy of the block chain.
	at org.bitcoinj.core.Peer.processVersionMessage(Peer.java:458) ~[bitcoinj-core-0.13.1.jar:?]
	at org.bitcoinj.core.Peer.processMessage(Peer.java:375) ~[bitcoinj-core-0.13.1.jar:?]
	at org.bitcoinj.core.PeerSocketHandler.receiveBytes(PeerSocketHandler.java:180) [bitcoinj-core-0.13.1.jar:?]
	at org.bitcoinj.net.ConnectionHandler.handleKey(ConnectionHandler.java:223) [bitcoinj-core-0.13.1.jar:?]
	at org.bitcoinj.net.NioClientManager.handleKey(NioClientManager.java:86) [bitcoinj-core-0.13.1.jar:?]
	at org.bitcoinj.net.NioClientManager.run(NioClientManager.java:122) [bitcoinj-core-0.13.1.jar:?]
	at com.google.common.util.concurrent.AbstractExecutionThreadService$1$2.run(AbstractExecutionThreadService.java:60) [guava-16.0.1.jar:?]
	at com.google.common.util.concurrent.Callables$3.run(Callables.java:93) [guava-16.0.1.jar:?]
	at org.bitcoinj.utils.ContextPropagatingThreadFactory$1.run(ContextPropagatingThreadFactory.java:35) [bitcoinj-core-0.13.1.jar:?]
	at java.lang.Thread.run(java.base@9-internal/Thread.java:804) [?:?]
22:24:56.434 [NioClientManager] WARN  org.bitcoinj.core.PeerSocketHandler - [89.248.160.238]:18333 - 
org.bitcoinj.core.ProtocolException: Peer does not have a copy of the block chain.
	at org.bitcoinj.core.Peer.processVersionMessage(Peer.java:458) ~[bitcoinj-core-0.13.1.jar:?]
	at org.bitcoinj.core.Peer.processMessage(Peer.java:375) ~[bitcoinj-core-0.13.1.jar:?]
	at org.bitcoinj.core.PeerSocketHandler.receiveBytes(PeerSocketHandler.java:180) [bitcoinj-core-0.13.1.jar:?]
	at org.bitcoinj.net.ConnectionHandler.handleKey(ConnectionHandler.java:223) [bitcoinj-core-0.13.1.jar:?]
	at org.bitcoinj.net.NioClientManager.handleKey(NioClientManager.java:86) [bitcoinj-core-0.13.1.jar:?]
	at org.bitcoinj.net.NioClientManager.run(NioClientManager.java:122) [bitcoinj-core-0.13.1.jar:?]
	at com.google.common.util.concurrent.AbstractExecutionThreadService$1$2.run(AbstractExecutionThreadService.java:60) [guava-16.0.1.jar:?]
	at com.google.common.util.concurrent.Callables$3.run(Callables.java:93) [guava-16.0.1.jar:?]
	at org.bitcoinj.utils.ContextPropagatingThreadFactory$1.run(ContextPropagatingThreadFactory.java:35) [bitcoinj-core-0.13.1.jar:?]
	at java.lang.Thread.run(java.base@9-internal/Thread.java:804) [?:?]
22:24:56.438 [NioClientManager] WARN  org.bitcoinj.net.ConnectionHandler - Error handling SelectionKey: java.lang.IllegalStateException
22:24:56.438 [NioClientManager] WARN  org.bitcoinj.net.ConnectionHandler - Error handling SelectionKey: java.lang.IllegalStateException
22:24:56.454 [NioClientManager] WARN  org.bitcoinj.core.Peer - Received alert with invalid signature from peer [13.112.32.236]:18333: URGENT: Alert key compromised, upgrade required
22:24:56.454 [NioClientManager] WARN  org.bitcoinj.core.Peer - Received alert with invalid signature from peer [13.112.32.236]:18333: URGENT: Alert key compromised, upgrade required
22:24:59.410 [PeerGroup Thread] WARN  org.bitcoinj.core.PeerGroup - Failed to connect to [2001:0:9d38:953c:181a:2491:abcb:57d8]:18333: Network is unreachable
22:24:59.410 [PeerGroup Thread] WARN  org.bitcoinj.core.PeerGroup - Failed to connect to [2001:0:9d38:953c:181a:2491:abcb:57d8]:18333: Network is unreachable
22:25:00.410 [PeerGroup Thread] WARN  org.bitcoinj.core.PeerGroup - Failed to connect to [2001:e42:102:1818:160:16:232:144]:18333: Network is unreachable
22:25:00.410 [PeerGroup Thread] WARN  org.bitcoinj.core.PeerGroup - Failed to connect to [2001:e42:102:1818:160:16:232:144]:18333: Network is unreachable
22:25:01.410 [PeerGroup Thread] WARN  org.bitcoinj.core.PeerGroup - Failed to connect to [2001:41d0:2:9e59:0:0:0:0]:18333: Network is unreachable
22:25:01.410 [PeerGroup Thread] WARN  org.bitcoinj.core.PeerGroup - Failed to connect to [2001:41d0:2:9e59:0:0:0:0]:18333: Network is unreachable
22:25:02.911 [PeerGroup Thread] WARN  org.bitcoinj.core.PeerGroup - Failed to connect to [2a01:4f8:151:6347:0:0:0:2]:18333: Network is unreachable
22:25:02.911 [PeerGroup Thread] WARN  org.bitcoinj.core.PeerGroup - Failed to connect to [2a01:4f8:151:6347:0:0:0:2]:18333: Network is unreachable
22:25:03.286 [NioClientManager] WARN  org.bitcoinj.core.Peer - Received alert with invalid signature from peer [5.9.38.232]:18333: URGENT: Alert key compromised, upgrade required
22:25:03.286 [NioClientManager] WARN  org.bitcoinj.core.Peer - Received alert with invalid signature from peer [5.9.38.232]:18333: URGENT: Alert key compromised, upgrade required
22:25:03.328 [NioClientManager] WARN  org.bitcoinj.core.Peer - Received alert with invalid signature from peer [5.189.138.25]:18333: URGENT: Alert key compromised, upgrade required
22:25:03.328 [NioClientManager] WARN  org.bitcoinj.core.Peer - Received alert with invalid signature from peer [5.189.138.25]:18333: URGENT: Alert key compromised, upgrade required
22:25:03.400 [NioClientManager] WARN  org.bitcoinj.core.Peer - Received alert with invalid signature from peer [13.72.78.199]:18333: URGENT: Alert key compromised, upgrade required
22:25:03.400 [NioClientManager] WARN  org.bitcoinj.core.Peer - Received alert with invalid signature from peer [13.72.78.199]:18333: URGENT: Alert key compromised, upgrade required
22:25:05.161 [PeerGroup Thread] WARN  org.bitcoinj.core.PeerGroup - Failed to connect to [2a01:4f8:140:9186:0:0:0:2]:18333: Network is unreachable
22:25:05.161 [PeerGroup Thread] WARN  org.bitcoinj.core.PeerGroup - Failed to connect to [2a01:4f8:140:9186:0:0:0:2]:18333: Network is unreachable
22:25:06.161 [PeerGroup Thread] WARN  org.bitcoinj.core.PeerGroup - Failed to connect to [2001:41d0:8:6728:0:0:0:0]:18333: Network is unreachable
22:25:06.161 [PeerGroup Thread] WARN  org.bitcoinj.core.PeerGroup - Failed to connect to [2001:41d0:8:6728:0:0:0:0]:18333: Network is unreachable
22:25:07.662 [PeerGroup Thread] WARN  org.bitcoinj.core.PeerGroup - Failed to connect to [2a00:1098:0:80:1000:25:0:1]:18333: Network is unreachable
22:25:07.662 [PeerGroup Thread] WARN  org.bitcoinj.core.PeerGroup - Failed to connect to [2a00:1098:0:80:1000:25:0:1]:18333: Network is unreachable
22:25:08.091 [NioClientManager] WARN  org.bitcoinj.core.PeerSocketHandler - [144.76.75.197]:18333 - 
org.bitcoinj.core.ProtocolException: Peer does not have a copy of the block chain.
	at org.bitcoinj.core.Peer.processVersionMessage(Peer.java:458) ~[bitcoinj-core-0.13.1.jar:?]
	at org.bitcoinj.core.Peer.processMessage(Peer.java:375) ~[bitcoinj-core-0.13.1.jar:?]
	at org.bitcoinj.core.PeerSocketHandler.receiveBytes(PeerSocketHandler.java:180) [bitcoinj-core-0.13.1.jar:?]
	at org.bitcoinj.net.ConnectionHandler.handleKey(ConnectionHandler.java:223) [bitcoinj-core-0.13.1.jar:?]
	at org.bitcoinj.net.NioClientManager.handleKey(NioClientManager.java:86) [bitcoinj-core-0.13.1.jar:?]
	at org.bitcoinj.net.NioClientManager.run(NioClientManager.java:122) [bitcoinj-core-0.13.1.jar:?]
	at com.google.common.util.concurrent.AbstractExecutionThreadService$1$2.run(AbstractExecutionThreadService.java:60) [guava-16.0.1.jar:?]
	at com.google.common.util.concurrent.Callables$3.run(Callables.java:93) [guava-16.0.1.jar:?]
	at org.bitcoinj.utils.ContextPropagatingThreadFactory$1.run(ContextPropagatingThreadFactory.java:35) [bitcoinj-core-0.13.1.jar:?]
	at java.lang.Thread.run(java.base@9-internal/Thread.java:804) [?:?]
22:25:08.091 [NioClientManager] WARN  org.bitcoinj.core.PeerSocketHandler - [144.76.75.197]:18333 - 
org.bitcoinj.core.ProtocolException: Peer does not have a copy of the block chain.
	at org.bitcoinj.core.Peer.processVersionMessage(Peer.java:458) ~[bitcoinj-core-0.13.1.jar:?]
	at org.bitcoinj.core.Peer.processMessage(Peer.java:375) ~[bitcoinj-core-0.13.1.jar:?]
	at org.bitcoinj.core.PeerSocketHandler.receiveBytes(PeerSocketHandler.java:180) [bitcoinj-core-0.13.1.jar:?]
	at org.bitcoinj.net.ConnectionHandler.handleKey(ConnectionHandler.java:223) [bitcoinj-core-0.13.1.jar:?]
	at org.bitcoinj.net.NioClientManager.handleKey(NioClientManager.java:86) [bitcoinj-core-0.13.1.jar:?]
	at org.bitcoinj.net.NioClientManager.run(NioClientManager.java:122) [bitcoinj-core-0.13.1.jar:?]
	at com.google.common.util.concurrent.AbstractExecutionThreadService$1$2.run(AbstractExecutionThreadService.java:60) [guava-16.0.1.jar:?]
	at com.google.common.util.concurrent.Callables$3.run(Callables.java:93) [guava-16.0.1.jar:?]
	at org.bitcoinj.utils.ContextPropagatingThreadFactory$1.run(ContextPropagatingThreadFactory.java:35) [bitcoinj-core-0.13.1.jar:?]
	at java.lang.Thread.run(java.base@9-internal/Thread.java:804) [?:?]
22:25:08.092 [NioClientManager] WARN  org.bitcoinj.net.ConnectionHandler - Error handling SelectionKey: java.lang.IllegalStateException
22:25:08.092 [NioClientManager] WARN  org.bitcoinj.net.ConnectionHandler - Error handling SelectionKey: java.lang.IllegalStateException
22:25:10.113 [NioClientManager] WARN  org.bitcoinj.net.NioClientManager - Failed to connect with exception: java.nio.channels.ClosedChannelException: null
22:25:10.113 [NioClientManager] WARN  org.bitcoinj.net.NioClientManager - Failed to connect with exception: java.nio.channels.ClosedChannelException: null
22:25:17.706 [PeerGroup Thread] WARN  org.bitcoinj.core.PeerGroup - Failed to connect to [2606:1880:1:4e:0:0:0:9be4]:18333: Network is unreachable
22:25:17.706 [PeerGroup Thread] WARN  org.bitcoinj.core.PeerGroup - Failed to connect to [2606:1880:1:4e:0:0:0:9be4]:18333: Network is unreachable
22:25:18.103 [bitcoinj user thread] ERROR org.bitcoinj.core.Context - Performing thread fixup: you are accessing bitcoinj via a thread that has not had any context set on it.
22:25:18.103 [bitcoinj user thread] ERROR org.bitcoinj.core.Context - Performing thread fixup: you are accessing bitcoinj via a thread that has not had any context set on it.
22:25:18.103 [bitcoinj user thread] ERROR org.bitcoinj.core.Context - This error has been corrected for, but doing this makes your app less robust.
22:25:18.103 [bitcoinj user thread] ERROR org.bitcoinj.core.Context - This error has been corrected for, but doing this makes your app less robust.
22:25:18.103 [bitcoinj user thread] ERROR org.bitcoinj.core.Context - You should use Context.propagate() or a ContextPropagatingThreadFactory.
22:25:18.103 [bitcoinj user thread] ERROR org.bitcoinj.core.Context - You should use Context.propagate() or a ContextPropagatingThreadFactory.
22:25:18.104 [bitcoinj user thread] ERROR org.bitcoinj.core.Context - Please refer to the user guide for more information about this.
22:25:18.104 [bitcoinj user thread] ERROR org.bitcoinj.core.Context - Please refer to the user guide for more information about this.
22:25:18.117 [NioClientManager] WARN  org.bitcoinj.core.Peer - Received alert with invalid signature from peer [80.100.203.151]:18333: URGENT: Alert key compromised, upgrade required
22:25:18.117 [NioClientManager] WARN  org.bitcoinj.core.Peer - Received alert with invalid signature from peer [80.100.203.151]:18333: URGENT: Alert key compromised, upgrade required
22:25:18.124 [NioClientManager] WARN  org.bitcoinj.core.Peer - Received alert with invalid signature from peer [81.169.128.13]:18333: URGENT: Alert key compromised, upgrade required
22:25:18.124 [NioClientManager] WARN  org.bitcoinj.core.Peer - Received alert with invalid signature from peer [81.169.128.13]:18333: URGENT: Alert key compromised, upgrade required
22:25:18.196 [NioClientManager] WARN  org.bitcoinj.core.PeerSocketHandler - [149.56.142.79]:18333 - 
org.bitcoinj.core.ProtocolException: Peer does not have a copy of the block chain.
	at org.bitcoinj.core.Peer.processVersionMessage(Peer.java:458) ~[bitcoinj-core-0.13.1.jar:?]
	at org.bitcoinj.core.Peer.processMessage(Peer.java:375) ~[bitcoinj-core-0.13.1.jar:?]
	at org.bitcoinj.core.PeerSocketHandler.receiveBytes(PeerSocketHandler.java:180) [bitcoinj-core-0.13.1.jar:?]
	at org.bitcoinj.net.ConnectionHandler.handleKey(ConnectionHandler.java:223) [bitcoinj-core-0.13.1.jar:?]
	at org.bitcoinj.net.NioClientManager.handleKey(NioClientManager.java:86) [bitcoinj-core-0.13.1.jar:?]
	at org.bitcoinj.net.NioClientManager.run(NioClientManager.java:122) [bitcoinj-core-0.13.1.jar:?]
	at com.google.common.util.concurrent.AbstractExecutionThreadService$1$2.run(AbstractExecutionThreadService.java:60) [guava-16.0.1.jar:?]
	at com.google.common.util.concurrent.Callables$3.run(Callables.java:93) [guava-16.0.1.jar:?]
	at org.bitcoinj.utils.ContextPropagatingThreadFactory$1.run(ContextPropagatingThreadFactory.java:35) [bitcoinj-core-0.13.1.jar:?]
	at java.lang.Thread.run(java.base@9-internal/Thread.java:804) [?:?]
22:25:18.196 [NioClientManager] WARN  org.bitcoinj.core.PeerSocketHandler - [149.56.142.79]:18333 - 
org.bitcoinj.core.ProtocolException: Peer does not have a copy of the block chain.
	at org.bitcoinj.core.Peer.processVersionMessage(Peer.java:458) ~[bitcoinj-core-0.13.1.jar:?]
	at org.bitcoinj.core.Peer.processMessage(Peer.java:375) ~[bitcoinj-core-0.13.1.jar:?]
	at org.bitcoinj.core.PeerSocketHandler.receiveBytes(PeerSocketHandler.java:180) [bitcoinj-core-0.13.1.jar:?]
	at org.bitcoinj.net.ConnectionHandler.handleKey(ConnectionHandler.java:223) [bitcoinj-core-0.13.1.jar:?]
	at org.bitcoinj.net.NioClientManager.handleKey(NioClientManager.java:86) [bitcoinj-core-0.13.1.jar:?]
	at org.bitcoinj.net.NioClientManager.run(NioClientManager.java:122) [bitcoinj-core-0.13.1.jar:?]
	at com.google.common.util.concurrent.AbstractExecutionThreadService$1$2.run(AbstractExecutionThreadService.java:60) [guava-16.0.1.jar:?]
	at com.google.common.util.concurrent.Callables$3.run(Callables.java:93) [guava-16.0.1.jar:?]
	at org.bitcoinj.utils.ContextPropagatingThreadFactory$1.run(ContextPropagatingThreadFactory.java:35) [bitcoinj-core-0.13.1.jar:?]
	at java.lang.Thread.run(java.base@9-internal/Thread.java:804) [?:?]
22:25:18.196 [NioClientManager] WARN  org.bitcoinj.net.ConnectionHandler - Error handling SelectionKey: java.lang.IllegalStateException
22:25:18.196 [NioClientManager] WARN  org.bitcoinj.net.ConnectionHandler - Error handling SelectionKey: java.lang.IllegalStateException
22:25:18.446 [NioClientManager] ERROR org.bitcoinj.core.Peer - [52.29.69.203]:18333 /Satoshi:0.11.1/: Received Reject: tx 06bffa2ae5760c8b32fd13e78afb5ff79b035fdad0efcb6b4b18288de3493880 for reason &apos;insufficient priority&apos; (66)
22:25:18.446 [NioClientManager] ERROR org.bitcoinj.core.Peer - [52.29.69.203]:18333 /Satoshi:0.11.1/: Received Reject: tx 06bffa2ae5760c8b32fd13e78afb5ff79b035fdad0efcb6b4b18288de3493880 for reason &apos;insufficient priority&apos; (66)
22:25:22.199 [main] INFO  in.ac.iitk.cse.cs252.transactions.ScriptTransaction - Broadcasted transaction: 06bffa2ae5760c8b32fd13e78afb5ff79b035fdad0efcb6b4b18288de3493880
22:25:22.199 [main] INFO  in.ac.iitk.cse.cs252.transactions.ScriptTransaction - Transaction hex you can directly submit this to a block explorer:
0100000001803849e38d28184b6bcbefd0da5f039bf75ffb8ae713fd328b0c76e52afabf06000000006a47304402205d7e2205c0292df912c4e83f65020b94603cf537281296935cd52edb18966f7502200aeb15c7f9df88737b3303cc9db044398187a5436018ca540a49a562b8f997da012102bdace59e5270ff49c67dbb4a49b3068dcdd460372615660ccba2326c80af8a49ffffffff0100350c00000000001976a91452c6d6591b2d379f02a3506a098059144aa6a43888ac00000000
22:25:22.657 [NioClientManager] ERROR org.bitcoinj.core.Peer - [46.19.33.249]:18333 /Satoshi:0.12.0/: Received Reject: tx 53219c992a2b0bab8a53a4e5b46bbb6180c4475b84444acbe29d38251f4ef283 for reason &apos;non-mandatory-script-verify-flag (unknown error)&apos; (64)
22:25:22.657 [NioClientManager] ERROR org.bitcoinj.core.Peer - [46.19.33.249]:18333 /Satoshi:0.12.0/: Received Reject: tx 53219c992a2b0bab8a53a4e5b46bbb6180c4475b84444acbe29d38251f4ef283 for reason &apos;non-mandatory-script-verify-flag (unknown error)&apos; (64)
22:25:22.759 [NioClientManager] ERROR org.bitcoinj.core.Peer - [52.178.130.27]:18333 /Satoshi:0.14.1/: Received Reject: tx 53219c992a2b0bab8a53a4e5b46bbb6180c4475b84444acbe29d38251f4ef283 for reason &apos;non-mandatory-script-verify-flag (unknown error)&apos; (64)
22:25:22.759 [NioClientManager] ERROR org.bitcoinj.core.Peer - [52.178.130.27]:18333 /Satoshi:0.14.1/: Received Reject: tx 53219c992a2b0bab8a53a4e5b46bbb6180c4475b84444acbe29d38251f4ef283 for reason &apos;non-mandatory-script-verify-flag (unknown error)&apos; (64)
22:25:22.760 [NioClientManager] WARN  org.bitcoinj.core.TransactionBroadcast - Threshold for considering broadcast rejected has been reached (3/2)
22:25:22.760 [NioClientManager] WARN  org.bitcoinj.core.TransactionBroadcast - Threshold for considering broadcast rejected has been reached (3/2)
22:25:22.761 [NioClientManager] ERROR org.bitcoinj.core.Peer - [52.178.143.66]:18333 /Satoshi:0.15.0/: Received Reject: tx 53219c992a2b0bab8a53a4e5b46bbb6180c4475b84444acbe29d38251f4ef283 for reason &apos;non-mandatory-script-verify-flag (unknown error)&apos; (64)
22:25:22.761 [NioClientManager] ERROR org.bitcoinj.core.Peer - [52.178.143.66]:18333 /Satoshi:0.15.0/: Received Reject: tx 53219c992a2b0bab8a53a4e5b46bbb6180c4475b84444acbe29d38251f4ef283 for reason &apos;non-mandatory-script-verify-flag (unknown error)&apos; (64)
22:25:22.761 [NioClientManager] ERROR org.bitcoinj.core.Peer - [178.21.118.174]:18333 /Satoshi:0.12.1/: Received Reject: tx 53219c992a2b0bab8a53a4e5b46bbb6180c4475b84444acbe29d38251f4ef283 for reason &apos;non-mandatory-script-verify-flag (unknown error)&apos; (64)
22:25:22.761 [NioClientManager] ERROR org.bitcoinj.core.Peer - [178.21.118.174]:18333 /Satoshi:0.12.1/: Received Reject: tx 53219c992a2b0bab8a53a4e5b46bbb6180c4475b84444acbe29d38251f4ef283 for reason &apos;non-mandatory-script-verify-flag (unknown error)&apos; (64)
</system-out>
    <system-err>java.util.concurrent.ExecutionException: org.bitcoinj.core.RejectedTransactionException: Reject: tx 53219c992a2b0bab8a53a4e5b46bbb6180c4475b84444acbe29d38251f4ef283 for reason &apos;non-mandatory-script-verify-flag (unknown error)&apos; (64)
	at com.google.common.util.concurrent.AbstractFuture$Sync.getValue(AbstractFuture.java:299)
	at com.google.common.util.concurrent.AbstractFuture$Sync.get(AbstractFuture.java:286)
	at com.google.common.util.concurrent.AbstractFuture.get(AbstractFuture.java:116)
	at in.ac.iitk.cse.cs252.transactions.ScriptTransaction.sendTransaction(ScriptTransaction.java:91)
	at in.ac.iitk.cse.cs252.ScriptTest.testTransaction(ScriptTest.java:73)
	at in.ac.iitk.cse.cs252.ScriptTest.testPayToPubKeyHash(ScriptTest.java:92)
	at sun.reflect.NativeMethodAccessorImpl.invoke0(java.base@9-internal/Native Method)
	at sun.reflect.NativeMethodAccessorImpl.invoke(java.base@9-internal/NativeMethodAccessorImpl.java:62)
	at sun.reflect.DelegatingMethodAccessorImpl.invoke(java.base@9-internal/DelegatingMethodAccessorImpl.java:43)
	at java.lang.reflect.Method.invoke(java.base@9-internal/Method.java:531)
	at org.junit.runners.model.FrameworkMethod$1.runReflectiveCall(FrameworkMethod.java:47)
	at org.junit.internal.runners.model.ReflectiveCallable.run(ReflectiveCallable.java:12)
	at org.junit.runners.model.FrameworkMethod.invokeExplosively(FrameworkMethod.java:44)
	at org.junit.internal.runners.statements.InvokeMethod.evaluate(InvokeMethod.java:17)
	at org.junit.runners.ParentRunner.runLeaf(ParentRunner.java:271)
	at org.junit.runners.BlockJUnit4ClassRunner.runChild(BlockJUnit4ClassRunner.java:70)
	at org.junit.runners.BlockJUnit4ClassRunner.runChild(BlockJUnit4ClassRunner.java:50)
	at org.junit.runners.ParentRunner$3.run(ParentRunner.java:238)
	at org.junit.runners.ParentRunner$1.schedule(ParentRunner.java:63)
	at org.junit.runners.ParentRunner.runChildren(ParentRunner.java:236)
	at org.junit.runners.ParentRunner.access$000(ParentRunner.java:53)
	at org.junit.runners.ParentRunner$2.evaluate(ParentRunner.java:229)
	at org.junit.runners.ParentRunner.run(ParentRunner.java:309)
	at org.apache.maven.surefire.junit4.JUnit4Provider.execute(JUnit4Provider.java:252)
	at org.apache.maven.surefire.junit4.JUnit4Provider.executeTestSet(JUnit4Provider.java:141)
	at org.apache.maven.surefire.junit4.JUnit4Provider.invoke(JUnit4Provider.java:112)
	at sun.reflect.NativeMethodAccessorImpl.invoke0(java.base@9-internal/Native Method)
	at sun.reflect.NativeMethodAccessorImpl.invoke(java.base@9-internal/NativeMethodAccessorImpl.java:62)
	at sun.reflect.DelegatingMethodAccessorImpl.invoke(java.base@9-internal/DelegatingMethodAccessorImpl.java:43)
	at java.lang.reflect.Method.invoke(java.base@9-internal/Method.java:531)
	at org.apache.maven.surefire.util.ReflectionUtils.invokeMethodWithArray(ReflectionUtils.java:189)
	at org.apache.maven.surefire.booter.ProviderFactory$ProviderProxy.invoke(ProviderFactory.java:165)
	at org.apache.maven.surefire.booter.ProviderFactory.invokeProvider(ProviderFactory.java:85)
	at org.apache.maven.surefire.booter.ForkedBooter.runSuitesInProcess(ForkedBooter.java:115)
	at org.apache.maven.surefire.booter.ForkedBooter.main(ForkedBooter.java:75)
Caused by: org.bitcoinj.core.RejectedTransactionException: Reject: tx 53219c992a2b0bab8a53a4e5b46bbb6180c4475b84444acbe29d38251f4ef283 for reason &apos;non-mandatory-script-verify-flag (unknown error)&apos; (64)
	at org.bitcoinj.core.TransactionBroadcast$2.onPreMessageReceived(TransactionBroadcast.java:100)
	at org.bitcoinj.core.Peer.processMessage(Peer.java:333)
	at org.bitcoinj.core.PeerSocketHandler.receiveBytes(PeerSocketHandler.java:180)
	at org.bitcoinj.net.ConnectionHandler.handleKey(ConnectionHandler.java:223)
	at org.bitcoinj.net.NioClientManager.handleKey(NioClientManager.java:86)
	at org.bitcoinj.net.NioClientManager.run(NioClientManager.java:122)
	at com.google.common.util.concurrent.AbstractExecutionThreadService$1$2.run(AbstractExecutionThreadService.java:60)
	at com.google.common.util.concurrent.Callables$3.run(Callables.java:93)
	at org.bitcoinj.utils.ContextPropagatingThreadFactory$1.run(ContextPropagatingThreadFactory.java:35)
	at java.lang.Thread.run(java.base@9-internal/Thread.java:804)
</system-err>
  </testcase>
  <testcase classname="in.ac.iitk.cse.cs252.ScriptTest" name="printAddress" time="7.232"/>
</testsuite>